<?xml version="1.0" encoding="UTF-8"?>
<testng-results skipped="0" failed="0" ignored="0" total="1" passed="1">
  <reporter-output>
  </reporter-output>
  <suite name="Suite1" duration-ms="1821" started-at="2019-01-18T22:53:55Z" finished-at="2019-01-18T22:53:57Z">
    <groups>
      <group name="cucumber">
        <method signature="AbstractTestNGCucumberTests.feature(cucumber.api.testng.CucumberFeatureWrapper)[pri:0, instance:TestRunner.testRunner@8646db9]" name="feature" class="cucumber.api.testng.AbstractTestNGCucumberTests"/>
      </group> <!-- cucumber -->
    </groups>
    <test name="Nopackage" duration-ms="1821" started-at="2019-01-18T22:53:55Z" finished-at="2019-01-18T22:53:57Z">
      <class name="TestRunner.testRunner">
        <test-method status="PASS" signature="setUpClass()[pri:0, instance:TestRunner.testRunner@8646db9]" name="setUpClass" is-config="true" duration-ms="775" started-at="2019-01-18T22:53:55Z" finished-at="2019-01-18T22:53:55Z">
          <reporter-output>
          </reporter-output>
        </test-method> <!-- setUpClass -->
        <test-method status="PASS" signature="feature(cucumber.api.testng.CucumberFeatureWrapper)[pri:0, instance:TestRunner.testRunner@8646db9]" name="feature" duration-ms="671" started-at="2019-01-18T22:53:56Z" description="Runs Cucumber Feature" data-provider="features" finished-at="2019-01-18T22:53:56Z">
          <params>
            <param index="0">
              <value>
                <![CDATA[User adds a new patient to the database]]>
              </value>
            </param>
          </params>
          <reporter-output>
          </reporter-output>
        </test-method> <!-- feature -->
        <test-method status="PASS" signature="tearDownClass()[pri:0, instance:TestRunner.testRunner@8646db9]" name="tearDownClass" is-config="true" duration-ms="9" started-at="2019-01-18T22:53:56Z" finished-at="2019-01-18T22:53:57Z">
          <reporter-output>
          </reporter-output>
        </test-method> <!-- tearDownClass -->
      </class> <!-- TestRunner.testRunner -->
    </test> <!-- Nopackage -->
  </suite> <!-- Suite1 -->
</testng-results>
